<?xml version="1.0" encoding="UTF-8"?>
<!-- Generated by org.testng.reporters.JUnitReportReporter -->
<testsuite skipped="0" hostname="LAPTOP-379A2RE2" name="com.guru99.qa.pagesTest.TC_LoginPageTest_001" tests="2" failures="0" timestamp="2022-02-09T20:45:08 IST" time="19.586" errors="0">
  <testcase name="LoginPage_TC001" time="8.059" classname="com.guru99.qa.pagesTest.TC_LoginPageTest_001"/>
  <system-out/>
  <testcase name="LoginPage_TC002" time="11.527" classname="com.guru99.qa.pagesTest.TC_LoginPageTest_001"/>
  <system-out/>
</testsuite> <!-- com.guru99.qa.pagesTest.TC_LoginPageTest_001 -->
