<?xml version="1.0" encoding="UTF-8"?>
<!-- Generated by org.testng.reporters.JUnitReportReporter -->
<testsuite skipped="0" hostname="LAPTOP-379A2RE2" name="com.guru99.qa.pagesTest.TC_LoginPage_DDT_002" tests="9" failures="0" timestamp="2022-02-09T20:45:08 IST" time="109.661" errors="0">
  <testcase name="loginPageDDT" time="11.050" classname="com.guru99.qa.pagesTest.TC_LoginPage_DDT_002"/>
  <system-out/>
  <testcase name="loginPageDDT" time="11.017" classname="com.guru99.qa.pagesTest.TC_LoginPage_DDT_002"/>
  <system-out/>
  <testcase name="loginPageDDT" time="12.115" classname="com.guru99.qa.pagesTest.TC_LoginPage_DDT_002"/>
  <system-out/>
  <testcase name="loginPageDDT" time="12.432" classname="com.guru99.qa.pagesTest.TC_LoginPage_DDT_002"/>
  <system-out/>
  <testcase name="loginPageDDT" time="11.843" classname="com.guru99.qa.pagesTest.TC_LoginPage_DDT_002"/>
  <system-out/>
  <testcase name="loginPageDDT" time="12.097" classname="com.guru99.qa.pagesTest.TC_LoginPage_DDT_002"/>
  <system-out/>
  <testcase name="loginPageDDT" time="15.138" classname="com.guru99.qa.pagesTest.TC_LoginPage_DDT_002"/>
  <system-out/>
  <testcase name="loginPageDDT" time="11.153" classname="com.guru99.qa.pagesTest.TC_LoginPage_DDT_002"/>
  <system-out/>
  <testcase name="loginPageDDT" time="12.816" classname="com.guru99.qa.pagesTest.TC_LoginPage_DDT_002"/>
  <system-out/>
</testsuite> <!-- com.guru99.qa.pagesTest.TC_LoginPage_DDT_002 -->
