<?xml version="1.0" encoding="UTF-8"?>
<!-- Generated by org.testng.reporters.JUnitReportReporter -->
<testsuite skipped="0" hostname="LAPTOP-379A2RE2" name="com.guru99.qa.pagesTest.TC_AddCustomerTest_003" tests="1" failures="0" timestamp="2022-02-09T20:45:08 IST" time="18.725" errors="0">
  <testcase name="addNewCustomer" time="18.725" classname="com.guru99.qa.pagesTest.TC_AddCustomerTest_003"/>
  <system-out/>
</testsuite> <!-- com.guru99.qa.pagesTest.TC_AddCustomerTest_003 -->
